#! /c/Source/iverilog-install/bin/vvp
:ivl_version "12.0 (devel)" "(s20150603-1110-g18392a46)";
:ivl_delay_selection "TYPICAL";
:vpi_time_precision + 0;
:vpi_module "C:\iverilog\lib\ivl\system.vpi";
:vpi_module "C:\iverilog\lib\ivl\vhdl_sys.vpi";
:vpi_module "C:\iverilog\lib\ivl\vhdl_textio.vpi";
:vpi_module "C:\iverilog\lib\ivl\v2005_math.vpi";
:vpi_module "C:\iverilog\lib\ivl\va_math.vpi";
S_000001d9824d2880 .scope module, "instruction_decoder" "instruction_decoder" 2 41;
 .timescale 0 0;
    .port_info 0 /INPUT 24 "instruction";
    .port_info 1 /INPUT 160 "input_data";
    .port_info 2 /OUTPUT 160 "output_data";
    .port_info 3 /OUTPUT 1 "start";
    .port_info 4 /OUTPUT 1 "resetn";
    .port_info 5 /OUTPUT 1 "reset";
    .port_info 6 /OUTPUT 1 "in_data_available";
    .port_info 7 /OUTPUT 1 "vrf_read_enable";
    .port_info 8 /OUTPUT 1 "vrf_write_enable";
    .port_info 9 /OUTPUT 2 "activation";
    .port_info 10 /OUTPUT 2 "operation";
    .port_info 11 /INPUT 160 "vrf_out_data0";
    .port_info 12 /OUTPUT 1 "vrf_read_enable0";
    .port_info 13 /OUTPUT 1 "vrf_rw_enable0";
    .port_info 14 /OUTPUT 10 "vrf_addr_read0";
    .port_info 15 /OUTPUT 10 "vrf_addr_rw0";
    .port_info 16 /OUTPUT 160 "vrf_in_data0";
    .port_info 17 /INPUT 160 "vrf_out_data3";
    .port_info 18 /OUTPUT 1 "vrf_read_enable3";
    .port_info 19 /OUTPUT 1 "vrf_rw_enable3";
    .port_info 20 /OUTPUT 10 "vrf_addr_read3";
    .port_info 21 /OUTPUT 10 "vrf_addr_rw3";
    .port_info 22 /OUTPUT 160 "vrf_in_data3";
    .port_info 23 /INPUT 160 "vrf_out_data1";
    .port_info 24 /OUTPUT 1 "vrf_read_enable1";
    .port_info 25 /OUTPUT 1 "vrf_rw_enable1";
    .port_info 26 /OUTPUT 10 "vrf_addr_read1";
    .port_info 27 /OUTPUT 10 "vrf_addr_rw1";
    .port_info 28 /OUTPUT 160 "vrf_in_data1";
    .port_info 29 /INPUT 160 "vrf_out_data2";
    .port_info 30 /OUTPUT 1 "vrf_read_enable2";
    .port_info 31 /OUTPUT 1 "vrf_rw_enable2";
    .port_info 32 /OUTPUT 10 "vrf_addr_read2";
    .port_info 33 /OUTPUT 10 "vrf_addr_rw2";
    .port_info 34 /OUTPUT 160 "vrf_in_data2";
    .port_info 35 /OUTPUT 10 "mrf_addr_read";
    .port_info 36 /OUTPUT 10 "mrf_addr_rw";
    .port_info 37 /OUTPUT 1 "mrf_read_enable";
    .port_info 38 /OUTPUT 1 "mrf_rw_enable";
    .port_info 39 /OUTPUT 160 "mrf_in_data";
    .port_info 40 /INPUT 160 "mrf_out_data";
v000001d9824d2b60_0 .var "activation", 1 0;
v000001d9824d2c00_0 .var "in_data_available", 0 0;
o000001d982521008 .functor BUFZ 160, C4<zzzzzzzzzzzzzzzzzzzzzzzzzzzzzzzzzzzzzzzzzzzzzzzzzzzzzzzzzzzzzzzzzzzzzzzzzzzzzzzzzzzzzzzzzzzzzzzzzzzzzzzzzzzzzzzzzzzzzzzzzzzzzzzzzzzzzzzzzzzzzzzzzzzzzzzzzzzzzzzz>; HiZ drive
v000001d9824d2ca0_0 .net "input_data", 159 0, o000001d982521008;  0 drivers
o000001d982521038 .functor BUFZ 24, C4<zzzzzzzzzzzzzzzzzzzzzzzz>; HiZ drive
v000001d982502b90_0 .net "instruction", 23 0, o000001d982521038;  0 drivers
v000001d982502c30_0 .var "mrf_addr_read", 9 0;
v000001d982502cd0_0 .var "mrf_addr_rw", 9 0;
v000001d982502d70_0 .var "mrf_in_data", 159 0;
o000001d9825210f8 .functor BUFZ 160, C4<zzzzzzzzzzzzzzzzzzzzzzzzzzzzzzzzzzzzzzzzzzzzzzzzzzzzzzzzzzzzzzzzzzzzzzzzzzzzzzzzzzzzzzzzzzzzzzzzzzzzzzzzzzzzzzzzzzzzzzzzzzzzzzzzzzzzzzzzzzzzzzzzzzzzzzzzzzzzzzzz>; HiZ drive
v000001d982502e10_0 .net "mrf_out_data", 159 0, o000001d9825210f8;  0 drivers
v000001d982502eb0_0 .var "mrf_read_enable", 0 0;
v000001d982502f50_0 .var "mrf_rw_enable", 0 0;
v000001d982503720_0 .net "op1", 9 0, L_000001d982574850;  1 drivers
v000001d982503900_0 .net "op2", 9 0, L_000001d982574a30;  1 drivers
v000001d9825030e0_0 .net "opcode", 3 0, L_000001d9825738b0;  1 drivers
v000001d9825037c0_0 .var "operation", 1 0;
v000001d982503180_0 .var "output_data", 159 0;
v000001d982503860_0 .var "reset", 0 0;
v000001d982503360_0 .var "resetn", 0 0;
v000001d982503680_0 .var "start", 0 0;
v000001d982503b80_0 .var "vrf_addr_read0", 9 0;
v000001d9825039a0_0 .var "vrf_addr_read1", 9 0;
v000001d982503040_0 .var "vrf_addr_read2", 9 0;
v000001d982503220_0 .var "vrf_addr_read3", 9 0;
v000001d9825032c0_0 .var "vrf_addr_rw0", 9 0;
v000001d982503400_0 .var "vrf_addr_rw1", 9 0;
v000001d9825034a0_0 .var "vrf_addr_rw2", 9 0;
v000001d982503540_0 .var "vrf_addr_rw3", 9 0;
v000001d982503ea0_0 .var "vrf_in_data0", 159 0;
v000001d9825035e0_0 .var "vrf_in_data1", 159 0;
v000001d982503a40_0 .var "vrf_in_data2", 159 0;
v000001d982503ae0_0 .var "vrf_in_data3", 159 0;
o000001d982521548 .functor BUFZ 160, C4<zzzzzzzzzzzzzzzzzzzzzzzzzzzzzzzzzzzzzzzzzzzzzzzzzzzzzzzzzzzzzzzzzzzzzzzzzzzzzzzzzzzzzzzzzzzzzzzzzzzzzzzzzzzzzzzzzzzzzzzzzzzzzzzzzzzzzzzzzzzzzzzzzzzzzzzzzzzzzzzz>; HiZ drive
v000001d982503c20_0 .net "vrf_out_data0", 159 0, o000001d982521548;  0 drivers
o000001d982521578 .functor BUFZ 160, C4<zzzzzzzzzzzzzzzzzzzzzzzzzzzzzzzzzzzzzzzzzzzzzzzzzzzzzzzzzzzzzzzzzzzzzzzzzzzzzzzzzzzzzzzzzzzzzzzzzzzzzzzzzzzzzzzzzzzzzzzzzzzzzzzzzzzzzzzzzzzzzzzzzzzzzzzzzzzzzzzz>; HiZ drive
v000001d982503cc0_0 .net "vrf_out_data1", 159 0, o000001d982521578;  0 drivers
o000001d9825215a8 .functor BUFZ 160, C4<zzzzzzzzzzzzzzzzzzzzzzzzzzzzzzzzzzzzzzzzzzzzzzzzzzzzzzzzzzzzzzzzzzzzzzzzzzzzzzzzzzzzzzzzzzzzzzzzzzzzzzzzzzzzzzzzzzzzzzzzzzzzzzzzzzzzzzzzzzzzzzzzzzzzzzzzzzzzzzzz>; HiZ drive
v000001d982503d60_0 .net "vrf_out_data2", 159 0, o000001d9825215a8;  0 drivers
o000001d9825215d8 .functor BUFZ 160, C4<zzzzzzzzzzzzzzzzzzzzzzzzzzzzzzzzzzzzzzzzzzzzzzzzzzzzzzzzzzzzzzzzzzzzzzzzzzzzzzzzzzzzzzzzzzzzzzzzzzzzzzzzzzzzzzzzzzzzzzzzzzzzzzzzzzzzzzzzzzzzzzzzzzzzzzzzzzzzzzzz>; HiZ drive
v000001d982503e00_0 .net "vrf_out_data3", 159 0, o000001d9825215d8;  0 drivers
v000001d982503f40_0 .var "vrf_read_enable", 0 0;
v000001d9825747b0_0 .var "vrf_read_enable0", 0 0;
v000001d982573bd0_0 .var "vrf_read_enable1", 0 0;
v000001d982573c70_0 .var "vrf_read_enable2", 0 0;
v000001d982573130_0 .var "vrf_read_enable3", 0 0;
v000001d982573090_0 .var "vrf_rw_enable0", 0 0;
v000001d982573590_0 .var "vrf_rw_enable1", 0 0;
v000001d9825745d0_0 .var "vrf_rw_enable2", 0 0;
v000001d982573b30_0 .var "vrf_rw_enable3", 0 0;
v000001d982573270_0 .var "vrf_write_enable", 0 0;
E_000001d9824f8490/0 .event anyedge, v000001d9825030e0_0, v000001d982503720_0, v000001d982503900_0, v000001d982503c20_0;
E_000001d9824f8490/1 .event anyedge, v000001d982503cc0_0, v000001d982503d60_0, v000001d982503e00_0, v000001d982502e10_0;
E_000001d9824f8490 .event/or E_000001d9824f8490/0, E_000001d9824f8490/1;
L_000001d982574850 .part o000001d982521038, 10, 10;
L_000001d982574a30 .part o000001d982521038, 0, 10;
L_000001d9825738b0 .part o000001d982521038, 20, 4;
    .scope S_000001d9824d2880;
T_0 ;
    %wait E_000001d9824f8490;
    %load/vec4 v000001d9825030e0_0;
    %dup/vec4;
    %pushi/vec4 0, 0, 4;
    %cmp/u;
    %jmp/1 T_0.0, 6;
    %dup/vec4;
    %pushi/vec4 1, 0, 4;
    %cmp/u;
    %jmp/1 T_0.1, 6;
    %dup/vec4;
    %pushi/vec4 2, 0, 4;
    %cmp/u;
    %jmp/1 T_0.2, 6;
    %dup/vec4;
    %pushi/vec4 3, 0, 4;
    %cmp/u;
    %jmp/1 T_0.3, 6;
    %dup/vec4;
    %pushi/vec4 4, 0, 4;
    %cmp/u;
    %jmp/1 T_0.4, 6;
    %dup/vec4;
    %pushi/vec4 5, 0, 4;
    %cmp/u;
    %jmp/1 T_0.5, 6;
    %dup/vec4;
    %pushi/vec4 6, 0, 4;
    %cmp/u;
    %jmp/1 T_0.6, 6;
    %dup/vec4;
    %pushi/vec4 7, 0, 4;
    %cmp/u;
    %jmp/1 T_0.7, 6;
    %dup/vec4;
    %pushi/vec4 8, 0, 4;
    %cmp/u;
    %jmp/1 T_0.8, 6;
    %dup/vec4;
    %pushi/vec4 9, 0, 4;
    %cmp/u;
    %jmp/1 T_0.9, 6;
    %dup/vec4;
    %pushi/vec4 10, 0, 4;
    %cmp/u;
    %jmp/1 T_0.10, 6;
    %dup/vec4;
    %pushi/vec4 11, 0, 4;
    %cmp/u;
    %jmp/1 T_0.11, 6;
    %dup/vec4;
    %pushi/vec4 12, 0, 4;
    %cmp/u;
    %jmp/1 T_0.12, 6;
    %jmp T_0.13;
T_0.0 ;
    %load/vec4 v000001d982503720_0;
    %dup/vec4;
    %pushi/vec4 0, 0, 10;
    %cmp/u;
    %jmp/1 T_0.14, 6;
    %dup/vec4;
    %pushi/vec4 1, 0, 10;
    %cmp/u;
    %jmp/1 T_0.15, 6;
    %dup/vec4;
    %pushi/vec4 2, 0, 10;
    %cmp/u;
    %jmp/1 T_0.16, 6;
    %dup/vec4;
    %pushi/vec4 3, 0, 10;
    %cmp/u;
    %jmp/1 T_0.17, 6;
    %pushi/vec4 0, 0, 1;
    %store/vec4 v000001d982573b30_0, 0, 1;
    %load/vec4 v000001d982503900_0;
    %store/vec4 v000001d982503540_0, 0, 10;
    %load/vec4 v000001d982503e00_0;
    %store/vec4 v000001d982503180_0, 0, 160;
    %jmp T_0.19;
T_0.14 ;
    %pushi/vec4 0, 0, 1;
    %store/vec4 v000001d982573090_0, 0, 1;
    %load/vec4 v000001d982503900_0;
    %store/vec4 v000001d9825032c0_0, 0, 10;
    %load/vec4 v000001d982503c20_0;
    %store/vec4 v000001d982503180_0, 0, 160;
    %jmp T_0.19;
T_0.15 ;
    %pushi/vec4 0, 0, 1;
    %store/vec4 v000001d982573590_0, 0, 1;
    %load/vec4 v000001d982503900_0;
    %store/vec4 v000001d982503400_0, 0, 10;
    %load/vec4 v000001d982503cc0_0;
    %store/vec4 v000001d982503180_0, 0, 160;
    %jmp T_0.19;
T_0.16 ;
    %pushi/vec4 0, 0, 1;
    %store/vec4 v000001d9825745d0_0, 0, 1;
    %load/vec4 v000001d982503900_0;
    %store/vec4 v000001d9825034a0_0, 0, 10;
    %load/vec4 v000001d982503d60_0;
    %store/vec4 v000001d982503180_0, 0, 160;
    %jmp T_0.19;
T_0.17 ;
    %pushi/vec4 0, 0, 1;
    %store/vec4 v000001d982573b30_0, 0, 1;
    %load/vec4 v000001d982503900_0;
    %store/vec4 v000001d982503540_0, 0, 10;
    %load/vec4 v000001d982503e00_0;
    %store/vec4 v000001d982503180_0, 0, 160;
    %jmp T_0.19;
T_0.19 ;
    %pop/vec4 1;
    %jmp T_0.13;
T_0.1 ;
    %load/vec4 v000001d982503720_0;
    %dup/vec4;
    %pushi/vec4 0, 0, 10;
    %cmp/u;
    %jmp/1 T_0.20, 6;
    %dup/vec4;
    %pushi/vec4 1, 0, 10;
    %cmp/u;
    %jmp/1 T_0.21, 6;
    %dup/vec4;
    %pushi/vec4 2, 0, 10;
    %cmp/u;
    %jmp/1 T_0.22, 6;
    %dup/vec4;
    %pushi/vec4 3, 0, 10;
    %cmp/u;
    %jmp/1 T_0.23, 6;
    %pushi/vec4 1, 0, 1;
    %store/vec4 v000001d982573b30_0, 0, 1;
    %load/vec4 v000001d982503900_0;
    %store/vec4 v000001d982503540_0, 0, 10;
    %jmp T_0.25;
T_0.20 ;
    %pushi/vec4 1, 0, 1;
    %store/vec4 v000001d982573090_0, 0, 1;
    %load/vec4 v000001d982503900_0;
    %store/vec4 v000001d9825032c0_0, 0, 10;
    %jmp T_0.25;
T_0.21 ;
    %pushi/vec4 1, 0, 1;
    %store/vec4 v000001d982573590_0, 0, 1;
    %load/vec4 v000001d982503900_0;
    %store/vec4 v000001d982503400_0, 0, 10;
    %jmp T_0.25;
T_0.22 ;
    %pushi/vec4 1, 0, 1;
    %store/vec4 v000001d9825745d0_0, 0, 1;
    %load/vec4 v000001d982503900_0;
    %store/vec4 v000001d9825034a0_0, 0, 10;
    %jmp T_0.25;
T_0.23 ;
    %pushi/vec4 1, 0, 1;
    %store/vec4 v000001d982573b30_0, 0, 1;
    %load/vec4 v000001d982503900_0;
    %store/vec4 v000001d982503540_0, 0, 10;
    %jmp T_0.25;
T_0.25 ;
    %pop/vec4 1;
    %jmp T_0.13;
T_0.2 ;
    %load/vec4 v000001d982503900_0;
    %store/vec4 v000001d982502cd0_0, 0, 10;
    %pushi/vec4 0, 0, 1;
    %store/vec4 v000001d982502f50_0, 0, 1;
    %load/vec4 v000001d982502e10_0;
    %store/vec4 v000001d982503180_0, 0, 160;
    %jmp T_0.13;
T_0.3 ;
    %load/vec4 v000001d982503900_0;
    %store/vec4 v000001d982502c30_0, 0, 10;
    %pushi/vec4 0, 0, 1;
    %store/vec4 v000001d982502f50_0, 0, 1;
    %jmp T_0.13;
T_0.4 ;
    %pushi/vec4 1, 0, 1;
    %store/vec4 v000001d982503680_0, 0, 1;
    %pushi/vec4 0, 0, 1;
    %store/vec4 v000001d982503860_0, 0, 1;
    %load/vec4 v000001d982503900_0;
    %store/vec4 v000001d982502c30_0, 0, 10;
    %jmp T_0.13;
T_0.5 ;
    %pushi/vec4 1, 0, 1;
    %assign/vec4 v000001d982503360_0, 0;
    %pushi/vec4 1, 0, 2;
    %assign/vec4 v000001d9825037c0_0, 0;
    %load/vec4 v000001d982503900_0;
    %store/vec4 v000001d982503040_0, 0, 10;
    %jmp T_0.13;
T_0.6 ;
    %pushi/vec4 1, 0, 1;
    %assign/vec4 v000001d982503360_0, 0;
    %pushi/vec4 1, 0, 2;
    %assign/vec4 v000001d9825037c0_0, 0;
    %load/vec4 v000001d982503900_0;
    %store/vec4 v000001d982503040_0, 0, 10;
    %jmp T_0.13;
T_0.7 ;
    %jmp T_0.13;
T_0.8 ;
    %pushi/vec4 1, 0, 1;
    %assign/vec4 v000001d982503360_0, 0;
    %pushi/vec4 2, 0, 2;
    %assign/vec4 v000001d9825037c0_0, 0;
    %load/vec4 v000001d982503900_0;
    %store/vec4 v000001d982503220_0, 0, 10;
    %jmp T_0.13;
T_0.9 ;
    %pushi/vec4 1, 0, 1;
    %assign/vec4 v000001d982503360_0, 0;
    %pushi/vec4 1, 0, 1;
    %assign/vec4 v000001d9824d2c00_0, 0;
    %pushi/vec4 0, 0, 2;
    %assign/vec4 v000001d9825037c0_0, 0;
    %pushi/vec4 0, 0, 2;
    %assign/vec4 v000001d9824d2b60_0, 0;
    %jmp T_0.13;
T_0.10 ;
    %pushi/vec4 1, 0, 1;
    %assign/vec4 v000001d982503360_0, 0;
    %pushi/vec4 1, 0, 1;
    %assign/vec4 v000001d9824d2c00_0, 0;
    %pushi/vec4 0, 0, 2;
    %assign/vec4 v000001d9825037c0_0, 0;
    %pushi/vec4 2, 0, 2;
    %assign/vec4 v000001d9824d2b60_0, 0;
    %jmp T_0.13;
T_0.11 ;
    %pushi/vec4 1, 0, 1;
    %assign/vec4 v000001d982503360_0, 0;
    %pushi/vec4 1, 0, 1;
    %assign/vec4 v000001d9824d2c00_0, 0;
    %pushi/vec4 0, 0, 2;
    %assign/vec4 v000001d9825037c0_0, 0;
    %pushi/vec4 1, 0, 2;
    %assign/vec4 v000001d9824d2b60_0, 0;
    %jmp T_0.13;
T_0.12 ;
    %pushi/vec4 1, 0, 1;
    %assign/vec4 v000001d982503860_0, 0;
    %pushi/vec4 0, 0, 1;
    %assign/vec4 v000001d982503680_0, 0;
    %pushi/vec4 0, 0, 1;
    %assign/vec4 v000001d9824d2c00_0, 0;
    %pushi/vec4 0, 0, 1;
    %assign/vec4 v000001d982503360_0, 0;
    %jmp T_0.13;
T_0.13 ;
    %pop/vec4 1;
    %jmp T_0;
    .thread T_0, $push;
# The file index is used to find the file name in the following table.
:file_names 3;
    "N/A";
    "<interactive>";
    "instr_decoder.v";
